<?xml version="1.0" encoding="UTF-8"?>
<testng-results skipped="0" failed="0" total="1" passed="1">
  <reporter-output>
  </reporter-output>
  <suite name="Suite" duration-ms="124519" started-at="2017-06-28T19:03:32Z" finished-at="2017-06-28T19:05:36Z">
    <groups>
    </groups>
    <test name="Test" duration-ms="124519" started-at="2017-06-28T19:03:32Z" finished-at="2017-06-28T19:05:36Z">
      <class name="com.test.uitests.SeleniumUITests">
        <test-method status="PASS" signature="beforeTest()[pri:0, instance:com.test.uitests.SeleniumUITests@3c09711b]" name="beforeTest" is-config="true" duration-ms="3668" started-at="2017-06-28T19:03:32Z" finished-at="2017-06-28T19:03:35Z">
        </test-method>
        <test-method status="PASS" signature="f()[pri:0, instance:com.test.uitests.SeleniumUITests@3c09711b]" name="f" duration-ms="119354" started-at="2017-06-28T19:03:35Z" finished-at="2017-06-28T19:05:35Z">
        </test-method>
        <test-method status="PASS" signature="afterTest()[pri:0, instance:com.test.uitests.SeleniumUITests@3c09711b]" name="afterTest" is-config="true" duration-ms="1483" started-at="2017-06-28T19:05:35Z" finished-at="2017-06-28T19:05:36Z">
        </test-method>
      </class>
    </test>
  </suite>
</testng-results>
