<?xml version="1.0" encoding="UTF-8"?>
<testng-results skipped="0" failed="0" total="1" passed="1">
  <reporter-output>
  </reporter-output>
  <suite name="Suite" duration-ms="20118" started-at="2017-06-28T18:07:22Z" finished-at="2017-06-28T18:07:42Z">
    <groups>
    </groups>
    <test name="Test" duration-ms="20118" started-at="2017-06-28T18:07:22Z" finished-at="2017-06-28T18:07:42Z">
      <class name="com.test.uitests.SeleniumUITests">
        <test-method status="PASS" signature="beforeTest()[pri:0, instance:com.test.uitests.SeleniumUITests@3c09711b]" name="beforeTest" is-config="true" duration-ms="3534" started-at="2017-06-28T18:07:22Z" finished-at="2017-06-28T18:07:25Z">
        </test-method>
        <test-method status="PASS" signature="f()[pri:0, instance:com.test.uitests.SeleniumUITests@3c09711b]" name="f" duration-ms="15519" started-at="2017-06-28T18:07:25Z" finished-at="2017-06-28T18:07:41Z">
        </test-method>
        <test-method status="PASS" signature="afterTest()[pri:0, instance:com.test.uitests.SeleniumUITests@3c09711b]" name="afterTest" is-config="true" duration-ms="1052" started-at="2017-06-28T18:07:41Z" finished-at="2017-06-28T18:07:42Z">
        </test-method>
      </class>
    </test>
  </suite>
</testng-results>
