<?xml version="1.0" encoding="UTF-8"?>
<testng-results skipped="0" failed="0" total="1" passed="1">
  <reporter-output>
  </reporter-output>
  <suite name="Suite" duration-ms="27744" started-at="2017-06-28T16:47:10Z" finished-at="2017-06-28T16:47:38Z">
    <groups>
    </groups>
    <test name="Test" duration-ms="27744" started-at="2017-06-28T16:47:10Z" finished-at="2017-06-28T16:47:38Z">
      <class name="com.test.uitests.SeleniumUITests">
        <test-method status="PASS" signature="beforeTest()[pri:0, instance:com.test.uitests.SeleniumUITests@721e0f4f]" name="beforeTest" is-config="true" duration-ms="6485" started-at="2017-06-28T16:47:10Z" finished-at="2017-06-28T16:47:17Z">
        </test-method>
        <test-method status="PASS" signature="f()[pri:0, instance:com.test.uitests.SeleniumUITests@721e0f4f]" name="f" duration-ms="19763" started-at="2017-06-28T16:47:17Z" finished-at="2017-06-28T16:47:36Z">
        </test-method>
        <test-method status="PASS" signature="afterTest()[pri:0, instance:com.test.uitests.SeleniumUITests@721e0f4f]" name="afterTest" is-config="true" duration-ms="1461" started-at="2017-06-28T16:47:36Z" finished-at="2017-06-28T16:47:38Z">
        </test-method>
      </class>
    </test>
  </suite>
</testng-results>
